synthesis:  version Diamond (64-bit) 3.13.0.56.2

Copyright (c) 1991-1994 by NeoCAD Inc. All rights reserved.
Copyright (c) 1995 AT&T Corp.   All rights reserved.
Copyright (c) 1995-2001 Lucent Technologies Inc.  All rights reserved.
Copyright (c) 2001 Agere Systems   All rights reserved.
Copyright (c) 2002-2023 Lattice Semiconductor Corporation,  All rights reserved.
Thu May 28 16:36:30 2026


Command Line:  synthesis -f CPUv1_cpu_v1_lattice.synproj -gui -msgset E:/CPUv1/promote.xml 

Synthesis options:
The -a option is MachXO2.
The -s option is 5.
The -t option is FPBGA484.
The -d option is LCMXO2-4000HC.
Using package FPBGA484.
Using performance grade 5.
                                                          

##########################################################

### Lattice Family : MachXO2

### Device  : LCMXO2-4000HC

### Package : FPBGA484

### Speed   : 5

##########################################################

                                                          

INFO - synthesis: User-Selected Strategy Settings
Optimization goal = Balanced
Top-level module name = computer.
Target frequency = 200.000000 MHz.
Maximum fanout = 1000.
Timing path count = 3
BRAM utilization = 100.000000 %
DSP usage = true
DSP utilization = 100.000000 %
fsm_encoding_style = auto
resolve_mixed_drivers = 0
fix_gated_clocks = 1

Mux style = Auto
Use Carry Chain = true
carry_chain_length = 0
Loop Limit = 1950.
Use IO Insertion = TRUE
Use IO Reg = AUTO

Resource Sharing = TRUE
Propagate Constants = TRUE
Remove Duplicate Registers = TRUE
force_gsr = auto
ROM style = auto
RAM style = auto
The -comp option is FALSE.
The -syn option is FALSE.
-p E:/CPUv1 (searchpath added)
-p E:/diamond/3.13/ispfpga/xo2c00/data (searchpath added)
-p E:/CPUv1/cpu_v1 (searchpath added)
-p E:/CPUv1 (searchpath added)
Verilog design file = E:/CPUv1/cpu.v
Verilog design file = E:/CPUv1/reg.v
Verilog design file = E:/CPUv1/ALU.v
Verilog design file = E:/CPUv1/clk_gen.v
Verilog design file = E:/CPUv1/computer.v
Verilog design file = E:/CPUv1/rom.v
Verilog design file = E:/CPUv1/RAM.v
NGD file = CPUv1_cpu_v1.ngd
-sdc option: SDC file input not used.
-lpf option: Output file option is ON.
Hardtimer checking is enabled (default). The -dt option is not used.
The -r option is OFF. [ Remove LOC Properties is OFF. ]
Technology check ok...

Analyzing Verilog file E:/diamond/3.13/ispfpga/userware/NT/SYNTHESIS_HEADERS/machxo2.v. VERI-1482
Compile design.
Compile Design Begin
Analyzing Verilog file e:/cpuv1/cpu.v. VERI-1482
Analyzing Verilog file e:/cpuv1/reg.v. VERI-1482
Analyzing Verilog file e:/cpuv1/alu.v. VERI-1482
Analyzing Verilog file e:/cpuv1/clk_gen.v. VERI-1482
Analyzing Verilog file e:/cpuv1/computer.v. VERI-1482
Analyzing Verilog file e:/cpuv1/rom.v. VERI-1482
Analyzing Verilog file e:/cpuv1/ram.v. VERI-1482
Analyzing Verilog file E:/diamond/3.13/ispfpga/userware/NT/SYNTHESIS_HEADERS/machxo2.v. VERI-1482
Top module name (Verilog): computer
INFO - synthesis: e:/cpuv1/computer.v(1): compiling module computer. VERI-1018
INFO - synthesis: e:/cpuv1/cpu.v(1): compiling module cpu. VERI-1018
INFO - synthesis: e:/cpuv1/clk_gen.v(1): compiling module clk_gen. VERI-1018
INFO - synthesis: e:/cpuv1/alu.v(1): compiling module alu. VERI-1018
INFO - synthesis: e:/cpuv1/reg.v(1): compiling module reg_8b. VERI-1018
INFO - synthesis: e:/cpuv1/reg.v(18): compiling module reg_1b. VERI-1018
INFO - synthesis: e:/cpuv1/reg.v(35): compiling module counter. VERI-1018
INFO - synthesis: e:/cpuv1/rom.v(8): compiling module rom. VERI-1018
INFO - synthesis: E:/diamond/3.13/ispfpga/userware/NT/SYNTHESIS_HEADERS/machxo2.v(1120): compiling module VHI. VERI-1018
INFO - synthesis: E:/diamond/3.13/ispfpga/userware/NT/SYNTHESIS_HEADERS/machxo2.v(1124): compiling module VLO. VERI-1018
INFO - synthesis: E:/diamond/3.13/ispfpga/userware/NT/SYNTHESIS_HEADERS/machxo2.v(1291): compiling module DP8KC_renamed_due_excessive_length_1. VERI-1018
INFO - synthesis: e:/cpuv1/ram.v(8): compiling module RAM. VERI-1018
INFO - synthesis: E:/diamond/3.13/ispfpga/userware/NT/SYNTHESIS_HEADERS/machxo2.v(1291): compiling module DP8KC(CSDECODE_B="0b111",RESETMODE="ASYNC"). VERI-1018
WARNING - synthesis: e:/cpuv1/computer.v(33): net rst does not have a driver. VDB-1002
Loading NGL library 'E:/diamond/3.13/ispfpga/xo2c00a/data/xo2alib.ngl'...
Loading NGL library 'E:/diamond/3.13/ispfpga/xo2c00/data/xo2clib.ngl'...
Loading NGL library 'E:/diamond/3.13/ispfpga/mg5g00/data/mg5glib.ngl'...
Loading NGL library 'E:/diamond/3.13/ispfpga/or5g00/data/orc5glib.ngl'...
Loading device for application map from file 'xo2c4000.nph' in environment: E:/diamond/3.13/ispfpga.
Package Status:                     Final          Version 1.44.
Top-level module name = computer.
######## Missing driver on net rst. Patching with GND.
INFO - synthesis: Extracted state machine for register '\uut_cpu/clk_gen_uut/statu' with one-hot encoding
original encoding -> new encoding (one-hot encoding)

 00 -> 0001

 01 -> 0010

 10 -> 0100

 11 -> 1000




GSR instance connected to net rst_n_c_0.
Applying 200.000000 MHz constraint to all clocks

WARNING - synthesis: No user .sdc file.
Results of NGD DRC are available in computer_drc.log.
Loading NGL library 'E:/diamond/3.13/ispfpga/xo2c00a/data/xo2alib.ngl'...
Loading NGL library 'E:/diamond/3.13/ispfpga/xo2c00/data/xo2clib.ngl'...
Loading NGL library 'E:/diamond/3.13/ispfpga/mg5g00/data/mg5glib.ngl'...
Loading NGL library 'E:/diamond/3.13/ispfpga/or5g00/data/orc5glib.ngl'...
All blocks are expanded and NGD expansion is successful.
Writing NGD file CPUv1_cpu_v1.ngd.

################### Begin Area Report (computer)######################
Number of register bits => 49 of 5157 (0 % )
CCU2D => 18
DP8KC => 2
FD1P3AX => 1
FD1P3IX => 1
FD1S1A => 8
FD1S1D => 8
FD1S1I => 1
FD1S3AX => 13
FD1S3AY => 1
FD1S3BX => 8
FD1S3DX => 8
GSR => 1
IB => 2
LUT4 => 78
OB => 8
PFUMX => 8
################### End Area Report ##################

################### Begin BlackBox Report ######################
TSALL => 1
################### End BlackBox Report ##################

################### Begin Clock Report ######################
Clock Nets
Number of Clocks: 15
  Net : uut_cpu/clk_gen_uut/rom_clk_0, loads : 19
  Net : uut_cpu/alu_uut/C_7__N_70, loads : 8
  Net : uut_cpu/clk_X_0, loads : 8
  Net : clk_in_c_0, loads : 7
  Net : uut_cpu/PC/d_out_7__N_121, loads : 2
  Net : uut_cpu/PC/d_out_7__N_117, loads : 2
  Net : uut_cpu/PC/d_out_7__N_115, loads : 2
  Net : uut_cpu/clk_gen_uut/ram_clk_0, loads : 1
  Net : uut_cpu/PC/d_out_7__N_113, loads : 2
  Net : uut_cpu/PC/d_out_7__N_119, loads : 2
  Net : uut_cpu/PC/d_out_7__N_111, loads : 2
  Net : uut_cpu/PC/d_out_7__N_104, loads : 2
  Net : uut_cpu/PC/d_out_7__N_109, loads : 2
  Net : uut_cpu/clk_carry_0, loads : 1
  Net : uut_cpu/alu_uut/carry_out_0__N_73, loads : 1
Clock Enable Nets
Number of Clock Enables: 1
Top 1 highest fanout Clock Enables:
  Net : uut_cpu/clk_gen_uut/clk_in_c_0_enable_2, loads : 2
Highest fanout non-clock nets
Top 10 highest fanout non-clock nets:
  Net : rom_s/rom_out_8, loads : 24
  Net : rom_s/rom_out_11, loads : 23
  Net : rst_n_c_0, loads : 18
  Net : rom_s/rom_out_9, loads : 18
  Net : uut_cpu/PC/d_out_7__N_105, loads : 16
  Net : rom_s/rom_out_10, loads : 10
  Net : n374, loads : 8
  Net : uut_cpu/alu_uut/C_7_N_31_7, loads : 8
  Net : uut_cpu/X/data_out_c_7, loads : 6
  Net : uut_cpu/X/data_out_c_6, loads : 6
################### End Clock Report ##################

Timing Report Summary
--------------
--------------------------------------------------------------------------------
Constraint                              |   Constraint|       Actual|Levels
--------------------------------------------------------------------------------
                                        |             |             |
create_clock -period 5.000000 -name     |             |             |
clk5 [get_nets                          |             |             |
\uut_cpu/alu_uut/C_7__N_70]             |            -|            -|     0  
                                        |             |             |
create_clock -period 5.000000 -name     |             |             |
clk4 [get_nets \uut_cpu/clk_carry[0]]   |            -|            -|     0  
                                        |             |             |
create_clock -period 5.000000 -name     |             |             |
clk3 [get_nets clk_in_c_0]              |  200.000 MHz|  160.000 MHz|     4 *
                                        |             |             |
create_clock -period 5.000000 -name     |             |             |
clk2 [get_nets ram_clk[0]]              |            -|            -|     0  
                                        |             |             |
create_clock -period 5.000000 -name     |             |             |
clk1 [get_nets rom_clk[0]]              |  200.000 MHz|  100.020 MHz|     4 *
                                        |             |             |
create_clock -period 5.000000 -name     |             |             |
clk0 [get_nets \uut_cpu/clk_X[0]]       |  200.000 MHz|  154.178 MHz|     4 *
                                        |             |             |
--------------------------------------------------------------------------------


3 constraints not met.


Peak Memory Usage: 58.754  MB

--------------------------------------------------------------
Elapsed CPU time for LSE flow : 0.172  secs
--------------------------------------------------------------
