Starting process: Module

Starting process: 

SCUBA, Version Diamond (64-bit) 3.13.0.56.2
Tue May 26 10:36:14 2026

Copyright (c) 1991-1994 by NeoCAD Inc. All rights reserved.
Copyright (c) 1995 AT&T Corp.   All rights reserved.
Copyright (c) 1995-2001 Lucent Technologies Inc.  All rights reserved.
Copyright (c) 2001 Agere Systems   All rights reserved.
Copyright (c) 2002-2023 Lattice Semiconductor Corporation,  All rights reserved.

BEGIN SCUBA Module Synthesis

    Issued command   : E:\diamond\3.13\ispfpga\bin\nt64\scuba.exe -w -n RAM -lang verilog -synth lse -bus_exp 7 -bb -arch xo2c00 -type ramdq -device LCMXO2-4000HC -addr_width 8 -data_width 8 -num_words 256 -cascade -1 -mem_init0 -writemode NORMAL 
    Circuit name     : RAM
    Module type      : RAM_DQ
    Module Version   : 7.5
    Ports            : 
	Inputs       : Clock, ClockEn, Reset, WE, Address[7:0], Data[7:0]
	Outputs      : Q[7:0]
    I/O buffer       : not inserted
    Memory file      : INIT_ALL_0s
    EDIF output      : RAM.edn
    Verilog output   : RAM.v
    Verilog template : RAM_tmpl.v
    Verilog testbench: tb_RAM_tmpl.v
    Verilog purpose  : for synthesis and simulation
    Bus notation     : big endian
    Report output    : RAM.srp
    Estimated Resource Usage:
            EBR : 1

END   SCUBA Module Synthesis

File: RAM.lpc created.


End process: completed successfully.


Total Warnings:  0

Total Errors:  0


